{"/Users/raphaelcesar/CodeF/401/DreamCatcher/babel.config.js": {"path":"/Users/raphaelcesar/CodeF/401/DreamCatcher/babel.config.js","statementMap":{"0":{"start":{"line":1,"column":0},"end":{"line":18,"column":2}},"1":{"start":{"line":2,"column":2},"end":{"line":2,"column":18}},"2":{"start":{"line":3,"column":2},"end":{"line":17,"column":4}}},"fnMap":{"0":{"name":"(anonymous_0)","decl":{"start":{"line":1,"column":17},"end":{"line":1,"column":18}},"loc":{"start":{"line":1,"column":32},"end":{"line":18,"column":1}},"line":1}},"branchMap":{},"s":{"0":0,"1":0,"2":0},"f":{"0":0},"b":{}}
,"/Users/raphaelcesar/CodeF/401/DreamCatcher/index.js": {"path":"/Users/raphaelcesar/CodeF/401/DreamCatcher/index.js","statementMap":{"0":{"start":{"line":5,"column":0},"end":{"line":5,"column":27}}},"fnMap":{},"branchMap":{},"s":{"0":0},"f":{},"b":{}}
,"/Users/raphaelcesar/CodeF/401/DreamCatcher/prettier.config.js": {"path":"/Users/raphaelcesar/CodeF/401/DreamCatcher/prettier.config.js","statementMap":{"0":{"start":{"line":1,"column":0},"end":{"line":3,"column":2}}},"fnMap":{},"branchMap":{},"s":{"0":0},"f":{},"b":{}}
,"/Users/raphaelcesar/CodeF/401/DreamCatcher/tailwind.config.js": {"path":"/Users/raphaelcesar/CodeF/401/DreamCatcher/tailwind.config.js","statementMap":{"0":{"start":{"line":1,"column":21},"end":{"line":1,"column":56}},"1":{"start":{"line":3,"column":0},"end":{"line":17,"column":2}}},"fnMap":{},"branchMap":{},"s":{"0":0,"1":0},"f":{},"b":{}}
,"/Users/raphaelcesar/CodeF/401/DreamCatcher/webpack.config.js": {"path":"/Users/raphaelcesar/CodeF/401/DreamCatcher/webpack.config.js","statementMap":{"0":{"start":{"line":1,"column":37},"end":{"line":1,"column":68}},"1":{"start":{"line":3,"column":0},"end":{"line":11,"column":2}},"2":{"start":{"line":4,"column":17},"end":{"line":4,"column":62}},"3":{"start":{"line":6,"column":2},"end":{"line":8,"column":4}},"4":{"start":{"line":10,"column":2},"end":{"line":10,"column":16}}},"fnMap":{"0":{"name":"(anonymous_0)","decl":{"start":{"line":3,"column":17},"end":{"line":3,"column":18}},"loc":{"start":{"line":3,"column":44},"end":{"line":11,"column":1}},"line":3}},"branchMap":{},"s":{"0":0,"1":0,"2":0,"3":0,"4":0},"f":{"0":0},"b":{}}
,"/Users/raphaelcesar/CodeF/401/DreamCatcher/src/App.js": {"path":"/Users/raphaelcesar/CodeF/401/DreamCatcher/src/App.js","statementMap":{"0":{"start":{"line":21,"column":19},"end":{"line":28,"column":1}},"1":{"start":{"line":23,"column":4},"end":{"line":23,"column":41}},"2":{"start":{"line":26,"column":4},"end":{"line":26,"column":48}},"3":{"start":{"line":30,"column":12},"end":{"line":43,"column":1}},"4":{"start":{"line":31,"column":2},"end":{"line":42,"column":5}},"5":{"start":{"line":32,"column":45},"end":{"line":32,"column":63}}},"fnMap":{"0":{"name":"(anonymous_0)","decl":{"start":{"line":22,"column":2},"end":{"line":22,"column":3}},"loc":{"start":{"line":22,"column":16},"end":{"line":24,"column":3}},"line":22},"1":{"name":"(anonymous_1)","decl":{"start":{"line":25,"column":2},"end":{"line":25,"column":3}},"loc":{"start":{"line":25,"column":24},"end":{"line":27,"column":3}},"line":25},"2":{"name":"(anonymous_2)","decl":{"start":{"line":30,"column":12},"end":{"line":30,"column":13}},"loc":{"start":{"line":31,"column":2},"end":{"line":42,"column":5}},"line":31},"3":{"name":"(anonymous_3)","decl":{"start":{"line":32,"column":39},"end":{"line":32,"column":40}},"loc":{"start":{"line":32,"column":45},"end":{"line":32,"column":63}},"line":32}},"branchMap":{},"s":{"0":0,"1":0,"2":0,"3":0,"4":0,"5":0},"f":{"0":0,"1":0,"2":0,"3":0},"b":{}}
,"/Users/raphaelcesar/CodeF/401/DreamCatcher/src/Components/Button/Button.js": {"path":"/Users/raphaelcesar/CodeF/401/DreamCatcher/src/Components/Button/Button.js","statementMap":{"0":{"start":{"line":7,"column":2},"end":{"line":12,"column":4}},"1":{"start":{"line":15,"column":15},"end":{"line":28,"column":2}}},"fnMap":{"0":{"name":"Button","decl":{"start":{"line":6,"column":24},"end":{"line":6,"column":30}},"loc":{"start":{"line":6,"column":64},"end":{"line":13,"column":1}},"line":6}},"branchMap":{"0":{"loc":{"start":{"line":9,"column":43},"end":{"line":9,"column":68}},"type":"cond-expr","locations":[{"start":{"line":9,"column":51},"end":{"line":9,"column":56}},{"start":{"line":9,"column":59},"end":{"line":9,"column":68}}],"line":9}},"s":{"0":0,"1":0},"f":{"0":0},"b":{"0":[0,0]}}
,"/Users/raphaelcesar/CodeF/401/DreamCatcher/src/Components/Gallery/index.js": {"path":"/Users/raphaelcesar/CodeF/401/DreamCatcher/src/Components/Gallery/index.js","statementMap":{"0":{"start":{"line":16,"column":26},"end":{"line":16,"column":50}},"1":{"start":{"line":22,"column":12},"end":{"line":22,"column":56}},"2":{"start":{"line":23,"column":13},"end":{"line":51,"column":1}},"3":{"start":{"line":53,"column":18},"end":{"line":71,"column":1}},"4":{"start":{"line":54,"column":2},"end":{"line":70,"column":4}},"5":{"start":{"line":57,"column":8},"end":{"line":67,"column":10}},"6":{"start":{"line":73,"column":17},"end":{"line":89,"column":1}},"7":{"start":{"line":74,"column":26},"end":{"line":77,"column":4}},"8":{"start":{"line":75,"column":34},"end":{"line":75,"column":43}},"9":{"start":{"line":76,"column":33},"end":{"line":76,"column":35}},"10":{"start":{"line":79,"column":2},"end":{"line":88,"column":4}},"11":{"start":{"line":91,"column":16},"end":{"line":119,"column":1}},"12":{"start":{"line":92,"column":18},"end":{"line":92,"column":61}},"13":{"start":{"line":94,"column":2},"end":{"line":118,"column":4}},"14":{"start":{"line":100,"column":32},"end":{"line":100,"column":40}},"15":{"start":{"line":109,"column":10},"end":{"line":113,"column":12}},"16":{"start":{"line":123,"column":15},"end":{"line":134,"column":2}}},"fnMap":{"0":{"name":"(anonymous_0)","decl":{"start":{"line":53,"column":18},"end":{"line":53,"column":19}},"loc":{"start":{"line":53,"column":35},"end":{"line":71,"column":1}},"line":53},"1":{"name":"(anonymous_1)","decl":{"start":{"line":56,"column":16},"end":{"line":56,"column":17}},"loc":{"start":{"line":56,"column":26},"end":{"line":68,"column":7}},"line":56},"2":{"name":"(anonymous_2)","decl":{"start":{"line":73,"column":17},"end":{"line":73,"column":18}},"loc":{"start":{"line":73,"column":34},"end":{"line":89,"column":1}},"line":73},"3":{"name":"(anonymous_3)","decl":{"start":{"line":75,"column":24},"end":{"line":75,"column":25}},"loc":{"start":{"line":75,"column":34},"end":{"line":75,"column":43}},"line":75},"4":{"name":"(anonymous_4)","decl":{"start":{"line":76,"column":25},"end":{"line":76,"column":26}},"loc":{"start":{"line":76,"column":33},"end":{"line":76,"column":35}},"line":76},"5":{"name":"(anonymous_5)","decl":{"start":{"line":91,"column":16},"end":{"line":91,"column":17}},"loc":{"start":{"line":91,"column":22},"end":{"line":119,"column":1}},"line":91},"6":{"name":"(anonymous_6)","decl":{"start":{"line":100,"column":22},"end":{"line":100,"column":23}},"loc":{"start":{"line":100,"column":32},"end":{"line":100,"column":40}},"line":100},"7":{"name":"(anonymous_7)","decl":{"start":{"line":108,"column":20},"end":{"line":108,"column":21}},"loc":{"start":{"line":108,"column":34},"end":{"line":114,"column":9}},"line":108}},"branchMap":{},"s":{"0":0,"1":0,"2":0,"3":0,"4":0,"5":0,"6":0,"7":0,"8":0,"9":0,"10":0,"11":0,"12":0,"13":0,"14":0,"15":0,"16":0},"f":{"0":0,"1":0,"2":0,"3":0,"4":0,"5":0,"6":0,"7":0},"b":{}}
,"/Users/raphaelcesar/CodeF/401/DreamCatcher/src/Navigator/linkConfig.js": {"path":"/Users/raphaelcesar/CodeF/401/DreamCatcher/src/Navigator/linkConfig.js","statementMap":{"0":{"start":{"line":4,"column":16},"end":{"line":25,"column":1}}},"fnMap":{},"branchMap":{},"s":{"0":0},"f":{},"b":{}}
,"/Users/raphaelcesar/CodeF/401/DreamCatcher/src/Screens/index.js": {"path":"/Users/raphaelcesar/CodeF/401/DreamCatcher/src/Screens/index.js","statementMap":{},"fnMap":{},"branchMap":{},"s":{},"f":{},"b":{}}
,"/Users/raphaelcesar/CodeF/401/DreamCatcher/src/lib/supabaseClient.js": {"path":"/Users/raphaelcesar/CodeF/401/DreamCatcher/src/lib/supabaseClient.js","statementMap":{"0":{"start":{"line":4,"column":21},"end":{"line":4,"column":45}},"1":{"start":{"line":5,"column":21},"end":{"line":5,"column":45}},"2":{"start":{"line":7,"column":15},"end":{"line":24,"column":1}},"3":{"start":{"line":8,"column":19},"end":{"line":21,"column":3}},"4":{"start":{"line":23,"column":2},"end":{"line":23,"column":18}}},"fnMap":{"0":{"name":"(anonymous_0)","decl":{"start":{"line":7,"column":15},"end":{"line":7,"column":16}},"loc":{"start":{"line":7,"column":38},"end":{"line":24,"column":1}},"line":7}},"branchMap":{},"s":{"0":0,"1":0,"2":0,"3":0,"4":0},"f":{"0":0},"b":{}}
}
